<jqa:jqassistant-rules xmlns:jqa="http://www.buschmais.com/jqassistant/core/analysis/rules/schema/v1.0">

    <concept id="junit5:TestMethod">
        <description>
            Finds all test methods (i.e. annotated with "@org.junit.jupiter.api.Test") and
            labels them with "Test" and "Junit5".
        </description>
        <cypher><![CDATA[
            MATCH
              (m:Method)-[:ANNOTATED_BY]-()-[:OF_TYPE]->(a:Type)
            WHERE
              a.fqn="org.junit.jupiter.api.Test"
            SET
              m:Test:Junit5
            RETURN
              m AS Test
        ]]></cypher>
    </concept>

    <concept id="junit5:DisabledTestClassOrMethod">
        <description>
            Labels all classes or methods annotated with "@org.junit.jupiter.api.Disabled"
            with "Junit5", "Ignore" and "Disabled".
        </description>
        <cypher><![CDATA[
            MATCH
              (e)-[:ANNOTATED_BY]->()-[:OF_TYPE]->(a:Type)
            WHERE
              a.fqn="org.junit.jupiter.api.Disabled"
            SET
              e:Junit5:Ignore:Disabled
            RETURN
              e AS IgnoredElement
        ]]></cypher>
    </concept>

</jqa:jqassistant-rules>